<?xml version="1.0" encoding="UTF-8"?>
<!-- Generated by org.testng.reporters.JUnitReportReporter -->
<testsuite hostname="YMZ201708291015" name="ceCrm.NewTest" tests="1" failures="0" timestamp="17 Oct 2018 08:27:16 GMT" time="12.158" errors="0">
  <testcase name="f" time="12.158" classname="ceCrm.NewTest"/>
</testsuite> <!-- ceCrm.NewTest -->
