<?xml version="1.0" encoding="UTF-8"?>
<!-- Generated by org.testng.reporters.JUnitReportReporter -->
<testsuite hostname="YMZ201708291015" name="crm.webtest.UserselectTest" tests="1" failures="0" timestamp="22 Oct 2018 09:25:17 GMT" time="3.940" errors="0">
  <testcase name="s1" time="3.940" classname="crm.webtest.UserselectTest"/>
</testsuite> <!-- crm.webtest.UserselectTest -->
