<?xml version="1.0" encoding="UTF-8"?>
<!-- Generated by org.testng.reporters.JUnitReportReporter -->
<testsuite hostname="YMZ201708291015" name="crm.webtest.UseraddTest" tests="6" failures="0" timestamp="22 Oct 2018 09:25:17 GMT" time="43.582" errors="0">
  <testcase name="addF3" time="5.309" classname="crm.webtest.UseraddTest"/>
  <testcase name="addF2" time="5.477" classname="crm.webtest.UseraddTest"/>
  <testcase name="addF1" time="17.104" classname="crm.webtest.UseraddTest"/>
  <testcase name="addF4" time="5.355" classname="crm.webtest.UseraddTest"/>
  <testcase name="addsuccess" time="5.388" classname="crm.webtest.UseraddTest"/>
  <testcase name="addF5" time="4.949" classname="crm.webtest.UseraddTest"/>
</testsuite> <!-- crm.webtest.UseraddTest -->
