<?xml version="1.0" encoding="UTF-8"?>
<!-- Generated by org.testng.reporters.JUnitReportReporter -->
<testsuite hostname="YMZ201708291015" name="TestNgX.Firstng" tests="2" failures="0" timestamp="17 Oct 2018 06:17:57 GMT" time="0.020" errors="0">
  <testcase name="firstngCassTwo" time="0.000" classname="TestNgX.Firstng"/>
  <testcase name="SystemTestingTwo" time="0.020" classname="TestNgX.Firstng"/>
</testsuite> <!-- TestNgX.Firstng -->
