<?xml version="1.0" encoding="UTF-8"?>
<!-- Generated by org.testng.reporters.JUnitReportReporter -->
<testsuite hostname="YMZ201708291015" name="ceCrm.testloginFail" tests="6" failures="0" timestamp="17 Oct 2018 09:28:07 GMT" time="22.749" errors="0">
  <testcase name="f2" time="2.408" classname="ceCrm.testloginFail"/>
  <testcase name="f5" time="5.204" classname="ceCrm.testloginFail"/>
  <testcase name="f6" time="5.162" classname="ceCrm.testloginFail"/>
  <testcase name="f3" time="2.316" classname="ceCrm.testloginFail"/>
  <testcase name="f1" time="2.518" classname="ceCrm.testloginFail"/>
  <testcase name="f4" time="5.141" classname="ceCrm.testloginFail"/>
</testsuite> <!-- ceCrm.testloginFail -->
