<?xml version="1.0" encoding="UTF-8"?>
<!-- Generated by org.testng.reporters.JUnitReportReporter -->
<testsuite hostname="YMZ201708291015" name="crm.webtest.LoginTest" tests="5" failures="0" timestamp="17 Dec 2019 03:21:14 GMT" time="22.411" errors="0">
  <testcase name="logF1" time="4.851" classname="crm.webtest.LoginTest"/>
  <testcase name="logF3" time="4.433" classname="crm.webtest.LoginTest"/>
  <testcase name="logF5" time="4.391" classname="crm.webtest.LoginTest"/>
  <testcase name="logF4" time="4.381" classname="crm.webtest.LoginTest"/>
  <testcase name="logF2" time="4.355" classname="crm.webtest.LoginTest"/>
</testsuite> <!-- crm.webtest.LoginTest -->
