<?xml version="1.0" encoding="UTF-8"?>
<!-- Generated by org.testng.reporters.JUnitReportReporter -->
<testsuite hostname="YMZ201708291015" name="PpmUiTest.test.GenpTest" tests="1" failures="0" timestamp="25 Dec 2019 05:57:23 GMT" time="9.816" errors="0">
  <testcase name="Successful" time="9.816" classname="PpmUiTest.test.GenpTest"/>
</testsuite> <!-- PpmUiTest.test.GenpTest -->
