<?xml version="1.0" encoding="UTF-8"?>
<!-- Generated by org.testng.reporters.JUnitReportReporter -->
<testsuite hostname="YMZ201708291015" name="PpmUiTest.test.GenpTest" tests="1" failures="0" timestamp="19 Dec 2019 08:55:46 GMT" time="12.227" errors="0">
  <testcase name="Successful" time="12.227" classname="PpmUiTest.test.GenpTest"/>
</testsuite> <!-- PpmUiTest.test.GenpTest -->
