<?xml version="1.0" encoding="UTF-8"?>
<!-- Generated by org.testng.reporters.JUnitReportReporter -->
<testsuite hostname="YMZ201708291015" name="AutoApi.test.OperateTest" tests="1" failures="0" timestamp="28 Jun 2019 07:30:41 GMT" time="0.120" errors="0">
  <testcase name="f" time="0.120" classname="AutoApi.test.OperateTest"/>
</testsuite> <!-- AutoApi.test.OperateTest -->
