<?xml version="1.0" encoding="UTF-8"?>
<!-- Generated by org.testng.reporters.JUnitReportReporter -->
<testsuite hostname="YMZ201708291015" name="AutoApi.test.ApiTest" tests="2" failures="0" timestamp="28 Jun 2019 09:33:10 GMT" time="1.112" errors="0">
  <testcase name="Topass" time="0.136" classname="AutoApi.test.ApiTest"/>
  <testcase name="Tologin" time="0.976" classname="AutoApi.test.ApiTest"/>
</testsuite> <!-- AutoApi.test.ApiTest -->
