<?xml version="1.0" encoding="UTF-8"?>
<!-- Generated by org.testng.reporters.JUnitReportReporter -->
<testsuite hostname="YMZ201708291015" name="AutoApi.test.LoginTest" tests="1" failures="0" timestamp="25 Jun 2019 09:38:40 GMT" time="0.936" errors="0">
  <testcase name="f" time="0.936" classname="AutoApi.test.LoginTest"/>
</testsuite> <!-- AutoApi.test.LoginTest -->
