<?xml version="1.0" encoding="UTF-8"?>
<!-- Generated by org.testng.reporters.JUnitReportReporter -->
<testsuite hostname="YMZ201708291015" name="AutoApi.test.LoginTest" tests="1" failures="0" timestamp="28 Jun 2019 07:18:04 GMT" time="0.926" errors="0">
  <testcase name="f" time="0.926" classname="AutoApi.test.LoginTest"/>
</testsuite> <!-- AutoApi.test.LoginTest -->
