<?xml version="1.0" encoding="UTF-8"?>
<!-- Generated by org.testng.reporters.JUnitReportReporter -->
<testsuite hostname="YMZ201708291015" name="ceCrm.testloginSuccess" tests="1" failures="0" timestamp="17 Oct 2018 09:47:04 GMT" time="11.879" errors="0">
  <testcase name="loginSure" time="11.879" classname="ceCrm.testloginSuccess"/>
</testsuite> <!-- ceCrm.testloginSuccess -->
