<?xml version="1.0" encoding="UTF-8"?>
<!-- Generated by org.testng.reporters.JUnitReportReporter -->
<testsuite hostname="YMZ201708291015" name="auto.test.NewTest" tests="2" failures="0" timestamp="19 Oct 2018 02:47:11 GMT" time="10.443" errors="0">
  <testcase name="loginS" time="5.616" classname="auto.test.NewTest"/>
  <testcase name="loginF" time="4.827" classname="auto.test.NewTest"/>
</testsuite> <!-- auto.test.NewTest -->
