<?xml version="1.0" encoding="UTF-8"?>
<!-- Generated by org.testng.reporters.JUnitReportReporter -->
<testsuite hostname="YMZ201708291015" name="crm.webtest.UserupdateTest" tests="1" failures="0" timestamp="22 Oct 2018 09:25:17 GMT" time="6.710" errors="0">
  <testcase name="up1" time="6.710" classname="crm.webtest.UserupdateTest"/>
</testsuite> <!-- crm.webtest.UserupdateTest -->
