<?xml version="1.0" encoding="UTF-8"?>
<!-- Generated by org.testng.reporters.JUnitReportReporter -->
<testsuite hostname="YMZ201708291015" name="changku.test.ClassifyTest" tests="1" failures="0" timestamp="25 Oct 2018 08:27:06 GMT" time="66.033" errors="0">
  <testcase name="fail" time="66.033" classname="changku.test.ClassifyTest"/>
</testsuite> <!-- changku.test.ClassifyTest -->
