<?xml version="1.0" encoding="UTF-8"?>
<!-- Generated by org.testng.reporters.JUnitReportReporter -->
<testsuite hostname="YMZ201708291015" name="Zuche.test.ZhucheTest" tests="1" failures="0" timestamp="24 Oct 2018 01:25:00 GMT" time="4.183" errors="0">
  <testcase name="f" time="4.183" classname="Zuche.test.ZhucheTest"/>
</testsuite> <!-- Zuche.test.ZhucheTest -->
