<?xml version="1.0" encoding="UTF-8"?>
<!-- Generated by org.testng.reporters.JUnitReportReporter -->
<testsuite hostname="YMZ201708291015" name="changku.test.RegisterTest" tests="1" failures="0" timestamp="25 Oct 2018 07:49:45 GMT" time="17.687" errors="0">
  <testcase name="fail" time="17.687" classname="changku.test.RegisterTest"/>
</testsuite> <!-- changku.test.RegisterTest -->
