<?xml version="1.0" encoding="UTF-8"?>
<!-- Generated by org.testng.reporters.JUnitReportReporter -->
<testsuite hostname="YMZ201708291015" name="changku.test.selectwuTest" tests="1" failures="0" timestamp="23 Nov 2018 07:34:27 GMT" time="46.405" errors="0">
  <testcase name="success" time="46.405" classname="changku.test.selectwuTest"/>
</testsuite> <!-- changku.test.selectwuTest -->
