<?xml version="1.0" encoding="UTF-8"?>
<!-- Generated by org.testng.reporters.JUnitReportReporter -->
<testsuite hostname="YMZ201708291015" name="changku.test.addwuTest" tests="1" failures="0" timestamp="25 Oct 2018 08:57:47 GMT" time="80.276" errors="0">
  <testcase name="success" time="80.276" classname="changku.test.addwuTest"/>
</testsuite> <!-- changku.test.addwuTest -->
