<?xml version="1.0" encoding="UTF-8"?>
<!-- Generated by org.testng.reporters.JUnitReportReporter -->
<testsuite hostname="YMZ201708291015" name="Zuche.test.LoginTest" tests="2" failures="0" timestamp="23 Oct 2018 09:58:55 GMT" time="12.097" errors="0">
  <testcase name="f1" time="5.842" classname="Zuche.test.LoginTest"/>
  <testcase name="f2" time="6.255" classname="Zuche.test.LoginTest"/>
</testsuite> <!-- Zuche.test.LoginTest -->
