<?xml version="1.0" encoding="UTF-8"?>
<!-- Generated by org.testng.reporters.JUnitReportReporter -->
<testsuite hostname="YMZ201708291015" name="test.zucheTest" tests="1" failures="0" timestamp="23 Oct 2018 09:27:59 GMT" time="24.712" errors="0">
  <testcase name="f" time="24.712" classname="test.zucheTest"/>
</testsuite> <!-- test.zucheTest -->
