<?xml version="1.0" encoding="UTF-8"?>
<!-- Generated by org.testng.reporters.JUnitReportReporter -->
<testsuite hostname="YMZ201708291015" name="test.Jisuanji" tests="1" failures="0" timestamp="23 Oct 2018 03:16:33 GMT" time="24.699" errors="0">
  <testcase name="f" time="24.699" classname="test.Jisuanji"/>
</testsuite> <!-- test.Jisuanji -->
