<?xml version="1.0" encoding="UTF-8"?>
<!-- Generated by org.testng.reporters.JUnitReportReporter -->
<testsuite hostname="YMZ201708291015" name="changku.test.loginTest" tests="2" failures="0" timestamp="25 Oct 2018 11:14:47 GMT" time="85.017" errors="0">
  <testcase name="Sure" time="38.726" classname="changku.test.loginTest"/>
  <testcase name="fail" time="46.291" classname="changku.test.loginTest"/>
</testsuite> <!-- changku.test.loginTest -->
